dbug: Microsoft.Extensions.Hosting.Internal.Host[1]
      Hosting starting
info: WorkflowCore.Services.WorkflowHost[0]
      Starting background tasks
info: Microsoft.Hosting.Lifetime[0]
      Application started. Press Ctrl+C to shut down.
info: Microsoft.Hosting.Lifetime[0]
      Hosting environment: Development
info: Microsoft.Hosting.Lifetime[0]
      Content root path: /app/RawFrontEndCode.Aggregator
dbug: Microsoft.Extensions.Hosting.Internal.Host[2]
      Hosting started
dbug: WorkflowCore.Services.WorkflowExecutor[0]
      Starting step EnvironmentSetupStep on workflow 85d28f26-169f-40a6-b606-c421a18bb133
dbug: WorkflowCore.Services.WorkflowExecutor[0]
      Starting step GenerateOAuthTokenStep on workflow 85d28f26-169f-40a6-b606-c421a18bb133
dbug: RawFrontEndCode.Aggregator.Workflows.Steps.GenerateOAuthTokenStep[0]
      Token Generated
dbug: WorkflowCore.Services.WorkflowExecutor[0]
      Starting step FetchPagesInProject on workflow 85d28f26-169f-40a6-b606-c421a18bb133
dbug: RawFrontEndCode.Aggregator.Workflows.Steps.FetchPagesInProject[0]
      Trying to fetch pages in Project Id:1638
info: System.Net.Http.HttpClient.XamunApiHttpClient.LogicalHandler[100]
      Start processing HTTP request GET https://xamunapp-x-v2test.azurewebsites.net/service/api/CustomSelectedApplicationFeaturePagesAsync/GetApplicationFeaturePagesV2ForAgent/1638
info: System.Net.Http.HttpClient.XamunApiHttpClient.ClientHandler[100]
      Sending HTTP request GET https://xamunapp-x-v2test.azurewebsites.net/service/api/CustomSelectedApplicationFeaturePagesAsync/GetApplicationFeaturePagesV2ForAgent/1638
info: System.Net.Http.HttpClient.XamunApiHttpClient.ClientHandler[101]
      Received HTTP response headers after 523.2934ms - 200
info: System.Net.Http.HttpClient.XamunApiHttpClient.LogicalHandler[101]
      End processing HTTP request after 551.3557ms - 200
dbug: RawFrontEndCode.Aggregator.Workflows.Steps.FetchPagesInProject[0]
      Total 2 in project found
dbug: WorkflowCore.Services.WorkflowExecutor[0]
      Starting step GenerateOAuthTokenStep on workflow 85d28f26-169f-40a6-b606-c421a18bb133
dbug: RawFrontEndCode.Aggregator.Workflows.Steps.GenerateOAuthTokenStep[0]
      Token Generated
dbug: WorkflowCore.Services.WorkflowExecutor[0]
      Starting step DownloadPageContentStep on workflow 85d28f26-169f-40a6-b606-c421a18bb133
dbug: RawFrontEndCode.Aggregator.Workflows.Steps.DownloadPageContentStep[0]
      Trying to download source content of PageId: 21503
dbug: RawFrontEndCode.Aggregator.Workflows.Steps.DownloadPageContentStep[0]
      Trying to download source content of PageId: 21504
info: System.Net.Http.HttpClient.XamunApiHttpClient.LogicalHandler[100]
      Start processing HTTP request GET https://xamunapp-x-v2test.azurewebsites.net/service/api/XamiPageDesigner/GeneratedPage/1638/5613/21503
info: System.Net.Http.HttpClient.XamunApiHttpClient.LogicalHandler[100]
      Start processing HTTP request GET https://xamunapp-x-v2test.azurewebsites.net/service/api/XamiPageDesigner/GeneratedPage/1638/5613/21504
info: System.Net.Http.HttpClient.XamunApiHttpClient.ClientHandler[100]
      Sending HTTP request GET https://xamunapp-x-v2test.azurewebsites.net/service/api/XamiPageDesigner/GeneratedPage/1638/5613/21503
info: System.Net.Http.HttpClient.XamunApiHttpClient.ClientHandler[100]
      Sending HTTP request GET https://xamunapp-x-v2test.azurewebsites.net/service/api/XamiPageDesigner/GeneratedPage/1638/5613/21504
info: System.Net.Http.HttpClient.XamunApiHttpClient.ClientHandler[101]
      Received HTTP response headers after 564.8934ms - 200
info: System.Net.Http.HttpClient.XamunApiHttpClient.LogicalHandler[101]
      End processing HTTP request after 566.04ms - 200
dbug: RawFrontEndCode.Aggregator.Workflows.Steps.DownloadPageContentStep[0]
      Content downloaded for PageId: 21503
dbug: RawFrontEndCode.Aggregator.Workflows.Steps.DownloadPageContentStep[0]
      Try to save source contents of PageId: 21503
dbug: RawFrontEndCode.Aggregator.Workflows.Steps.DownloadPageContentStep[0]
      Saved source contents of PageId: 21503
info: System.Net.Http.HttpClient.XamunApiHttpClient.ClientHandler[101]
      Received HTTP response headers after 583.039ms - 200
info: System.Net.Http.HttpClient.XamunApiHttpClient.LogicalHandler[101]
      End processing HTTP request after 583.8694ms - 200
dbug: RawFrontEndCode.Aggregator.Workflows.Steps.DownloadPageContentStep[0]
      Content downloaded for PageId: 21504
dbug: RawFrontEndCode.Aggregator.Workflows.Steps.DownloadPageContentStep[0]
      Try to save source contents of PageId: 21504
dbug: RawFrontEndCode.Aggregator.Workflows.Steps.DownloadPageContentStep[0]
      Saved source contents of PageId: 21504
dbug: WorkflowCore.Services.WorkflowExecutor[0]
      Starting step GenerateOAuthTokenStep on workflow 85d28f26-169f-40a6-b606-c421a18bb133
dbug: RawFrontEndCode.Aggregator.Workflows.Steps.GenerateOAuthTokenStep[0]
      Token Generated
dbug: WorkflowCore.Services.WorkflowExecutor[0]
      Starting step LoadSolutionSetupStep on workflow 85d28f26-169f-40a6-b606-c421a18bb133
dbug: RawFrontEndCode.Aggregator.Workflows.Steps.LoadSolutionSetupStep[0]
      Trying to fetch solution setup in Project Id:1638
info: System.Net.Http.HttpClient.XamunApiHttpClient.LogicalHandler[100]
      Start processing HTTP request GET https://xamunapp-x-v2test.azurewebsites.net/service/api/CustomProjectPortfolioAsync/GetSolutionSetup/1638
info: System.Net.Http.HttpClient.XamunApiHttpClient.ClientHandler[100]
      Sending HTTP request GET https://xamunapp-x-v2test.azurewebsites.net/service/api/CustomProjectPortfolioAsync/GetSolutionSetup/1638
info: System.Net.Http.HttpClient.XamunApiHttpClient.ClientHandler[101]
      Received HTTP response headers after 439.1869ms - 200
info: System.Net.Http.HttpClient.XamunApiHttpClient.LogicalHandler[101]
      End processing HTTP request after 440.4078ms - 200
dbug: RawFrontEndCode.Aggregator.Workflows.Steps.LoadSolutionSetupStep[0]
      Successfully retrieve solution setup under project.
dbug: WorkflowCore.Services.WorkflowExecutor[0]
      Starting step GenerateOAuthTokenStep on workflow 85d28f26-169f-40a6-b606-c421a18bb133
dbug: RawFrontEndCode.Aggregator.Workflows.Steps.GenerateOAuthTokenStep[0]
      Token Generated
dbug: WorkflowCore.Services.WorkflowExecutor[0]
      Starting step DownloadThemeConfig on workflow 85d28f26-169f-40a6-b606-c421a18bb133
dbug: RawFrontEndCode.Aggregator.Workflows.Steps.DownloadThemeConfig[0]
      Trying to fetch theme config in Project Id:1638
info: System.Net.Http.HttpClient.XamunApiHttpClient.LogicalHandler[100]
      Start processing HTTP request GET https://xamunapp-x-v2test.azurewebsites.net/service/api/XamiPageDesigner/GetThemeConfig/1638/1
info: System.Net.Http.HttpClient.XamunApiHttpClient.ClientHandler[100]
      Sending HTTP request GET https://xamunapp-x-v2test.azurewebsites.net/service/api/XamiPageDesigner/GetThemeConfig/1638/1
info: System.Net.Http.HttpClient.XamunApiHttpClient.ClientHandler[101]
      Received HTTP response headers after 391.9027ms - 200
info: System.Net.Http.HttpClient.XamunApiHttpClient.LogicalHandler[101]
      End processing HTTP request after 392.9743ms - 200
dbug: RawFrontEndCode.Aggregator.Workflows.Steps.DownloadThemeConfig[0]
      Successfully retrieve theme config under project.
dbug: WorkflowCore.Services.WorkflowExecutor[0]
      Starting step PrepareFullPagesContent on workflow 85d28f26-169f-40a6-b606-c421a18bb133
dbug: WorkflowCore.Services.WorkflowExecutor[0]
      Starting step GenerateOAuthTokenStep on workflow 85d28f26-169f-40a6-b606-c421a18bb133
dbug: RawFrontEndCode.Aggregator.Workflows.Steps.GenerateOAuthTokenStep[0]
      Token Generated
dbug: WorkflowCore.Services.WorkflowExecutor[0]
      Starting step DownloadMenuConfigurationStep on workflow 85d28f26-169f-40a6-b606-c421a18bb133
dbug: RawFrontEndCode.Aggregator.Workflows.Steps.DownloadMenuConfigurationStep[0]
      Trying to save menu file Project Id:1638
info: System.Net.Http.HttpClient.XamunApiHttpClient.LogicalHandler[100]
      Start processing HTTP request GET https://xamunapp-x-v2test.azurewebsites.net/service/api/XamiPageDesigner/GetMenuItems/1638/1
info: System.Net.Http.HttpClient.XamunApiHttpClient.ClientHandler[100]
      Sending HTTP request GET https://xamunapp-x-v2test.azurewebsites.net/service/api/XamiPageDesigner/GetMenuItems/1638/1
info: System.Net.Http.HttpClient.XamunApiHttpClient.ClientHandler[101]
      Received HTTP response headers after 449.0714ms - 200
info: System.Net.Http.HttpClient.XamunApiHttpClient.LogicalHandler[101]
      End processing HTTP request after 449.7833ms - 200
dbug: WorkflowCore.Services.WorkflowExecutor[0]
      Starting step GenerateGlobalScssDesign on workflow 85d28f26-169f-40a6-b606-c421a18bb133
warn: RawFrontEndCode.Aggregator.Workflows.Steps.GenerateGlobalScssDesign[0]
      Trying to generate Global SCSS file.
dbug: WorkflowCore.Services.WorkflowExecutor[0]
      Starting step SaveCodeGenerationMetadata on workflow 85d28f26-169f-40a6-b606-c421a18bb133
dbug: RawFrontEndCode.Aggregator.Workflows.Steps.SaveCodeGenerationMetadata[0]
      Trying to save HTML code generation metadata
dbug: RawFrontEndCode.Aggregator.Workflows.Steps.SaveCodeGenerationMetadata[0]
      Creating metadata.
dbug: RawFrontEndCode.Aggregator.Workflows.Steps.SaveCodeGenerationMetadata[0]
      Saved HTML code generation metadata
info: RawFrontEndCode.Aggregator.Services.WorkflowMonitorService[0]
      Workflow HtmlPagesAggregatorWorkflow completed.
info: Microsoft.Hosting.Lifetime[0]
      Application is shutting down...
dbug: Microsoft.Extensions.Hosting.Internal.Host[3]
      Hosting stopping
info: WorkflowCore.Services.WorkflowHost[0]
      Stopping background tasks
info: WorkflowCore.Services.WorkflowHost[0]
      Worker tasks stopped
info: RawFrontEndCode.Aggregator.Services.WorkflowMonitorService[0]
      WorkflowHost stopped.
info: RawFrontEndCode.Aggregator.Services.WorkflowMonitorService[0]
      BackgroundService stopped.
dbug: Microsoft.Extensions.Hosting.Internal.Host[4]
      Hosting stopped

